This is pdfTeX, Version 3.14159265-2.6-1.40.18 (TeX Live 2017/W32TeX) (preloaded format=pdflatex 2017.7.7)  24 APR 2018 17:18
entering extended mode
 restricted \write18 enabled.
 %&-line parsing enabled.
**./Lab2.tex
(./Lab2.tex
LaTeX2e <2017-04-15>
Babel <3.10> and hyphenation patterns for 84 language(s) loaded.
(c:/texlive/2017/texmf-dist/tex/latex/base/article.cls
Document Class: article 2014/09/29 v1.4h Standard LaTeX document class
(c:/texlive/2017/texmf-dist/tex/latex/base/size12.clo
File: size12.clo 2014/09/29 v1.4h Standard LaTeX file (size option)
)
\c@part=\count79
\c@section=\count80
\c@subsection=\count81
\c@subsubsection=\count82
\c@paragraph=\count83
\c@subparagraph=\count84
\c@figure=\count85
\c@table=\count86
\abovecaptionskip=\skip41
\belowcaptionskip=\skip42
\bibindent=\dimen102
)
(c:/texlive/2017/texmf-dist/tex/latex/amsmath/amsmath.sty
Package: amsmath 2016/11/05 v2.16a AMS math features
\@mathmargin=\skip43

For additional information on amsmath, use the `?' option.
(c:/texlive/2017/texmf-dist/tex/latex/amsmath/amstext.sty
Package: amstext 2000/06/29 v2.01 AMS text

(c:/texlive/2017/texmf-dist/tex/latex/amsmath/amsgen.sty
File: amsgen.sty 1999/11/30 v2.0 generic functions
\@emptytoks=\toks14
\ex@=\dimen103
))
(c:/texlive/2017/texmf-dist/tex/latex/amsmath/amsbsy.sty
Package: amsbsy 1999/11/29 v1.2d Bold Symbols
\pmbraise@=\dimen104
)
(c:/texlive/2017/texmf-dist/tex/latex/amsmath/amsopn.sty
Package: amsopn 2016/03/08 v2.02 operator names
)
\inf@bad=\count87
LaTeX Info: Redefining \frac on input line 213.
\uproot@=\count88
\leftroot@=\count89
LaTeX Info: Redefining \overline on input line 375.
\classnum@=\count90
\DOTSCASE@=\count91
LaTeX Info: Redefining \ldots on input line 472.
LaTeX Info: Redefining \dots on input line 475.
LaTeX Info: Redefining \cdots on input line 596.
\Mathstrutbox@=\box26
\strutbox@=\box27
\big@size=\dimen105
LaTeX Font Info:    Redeclaring font encoding OML on input line 712.
LaTeX Font Info:    Redeclaring font encoding OMS on input line 713.
\macc@depth=\count92
\c@MaxMatrixCols=\count93
\dotsspace@=\muskip10
\c@parentequation=\count94
\dspbrk@lvl=\count95
\tag@help=\toks15
\row@=\count96
\column@=\count97
\maxfields@=\count98
\andhelp@=\toks16
\eqnshift@=\dimen106
\alignsep@=\dimen107
\tagshift@=\dimen108
\tagwidth@=\dimen109
\totwidth@=\dimen110
\lineht@=\dimen111
\@envbody=\toks17
\multlinegap=\skip44
\multlinetaggap=\skip45
\mathdisplay@stack=\toks18
LaTeX Info: Redefining \[ on input line 2817.
LaTeX Info: Redefining \] on input line 2818.
)
(c:/texlive/2017/texmf-dist/tex/latex/amsfonts/amssymb.sty
Package: amssymb 2013/01/14 v3.01 AMS font symbols

(c:/texlive/2017/texmf-dist/tex/latex/amsfonts/amsfonts.sty
Package: amsfonts 2013/01/14 v3.01 Basic AMSFonts support
\symAMSa=\mathgroup4
\symAMSb=\mathgroup5
LaTeX Font Info:    Overwriting math alphabet `\mathfrak' in version `bold'
(Font)                  U/euf/m/n --> U/euf/b/n on input line 106.
))
(c:/texlive/2017/texmf-dist/tex/latex/geometry/geometry.sty
Package: geometry 2010/09/12 v5.6 Page Geometry

(c:/texlive/2017/texmf-dist/tex/latex/graphics/keyval.sty
Package: keyval 2014/10/28 v1.15 key=value parser (DPC)
\KV@toks@=\toks19
)
(c:/texlive/2017/texmf-dist/tex/generic/oberdiek/ifpdf.sty
Package: ifpdf 2017/03/15 v3.2 Provides the ifpdf switch
)
(c:/texlive/2017/texmf-dist/tex/generic/oberdiek/ifvtex.sty
Package: ifvtex 2016/05/16 v1.6 Detect VTeX and its facilities (HO)
Package ifvtex Info: VTeX not detected.
)
(c:/texlive/2017/texmf-dist/tex/generic/ifxetex/ifxetex.sty
Package: ifxetex 2010/09/12 v0.6 Provides ifxetex conditional
)
\Gm@cnth=\count99
\Gm@cntv=\count100
\c@Gm@tempcnt=\count101
\Gm@bindingoffset=\dimen112
\Gm@wd@mp=\dimen113
\Gm@odd@mp=\dimen114
\Gm@even@mp=\dimen115
\Gm@layoutwidth=\dimen116
\Gm@layoutheight=\dimen117
\Gm@layouthoffset=\dimen118
\Gm@layoutvoffset=\dimen119
\Gm@dimlist=\toks20
)
(c:/texlive/2017/texmf-dist/tex/latex/tools/enumerate.sty
Package: enumerate 2015/07/23 v3.00 enumerate extensions (DPC)
\@enLab=\toks21
)
(c:/texlive/2017/texmf-dist/tex/latex/natbib/natbib.sty
Package: natbib 2010/09/13 8.31b (PWD, AO)
\bibhang=\skip46
\bibsep=\skip47
LaTeX Info: Redefining \cite on input line 694.
\c@NAT@ctr=\count102
)
(c:/texlive/2017/texmf-dist/tex/latex/float/float.sty
Package: float 2001/11/08 v1.3d Float enhancements (AL)
\c@float@type=\count103
\float@exts=\toks22
\float@box=\box28
\@float@everytoks=\toks23
\@floatcapt=\box29
)
(c:/texlive/2017/texmf-dist/tex/latex/graphics/graphicx.sty
Package: graphicx 2014/10/28 v1.0g Enhanced LaTeX Graphics (DPC,SPQR)

(c:/texlive/2017/texmf-dist/tex/latex/graphics/graphics.sty
Package: graphics 2017/04/14 v1.1b Standard LaTeX Graphics (DPC,SPQR)

(c:/texlive/2017/texmf-dist/tex/latex/graphics/trig.sty
Package: trig 2016/01/03 v1.10 sin cos tan (DPC)
)
(c:/texlive/2017/texmf-dist/tex/latex/graphics-cfg/graphics.cfg
File: graphics.cfg 2016/06/04 v1.11 sample graphics configuration
)
Package graphics Info: Driver file: pdftex.def on input line 99.

(c:/texlive/2017/texmf-dist/tex/latex/graphics-def/pdftex.def
File: pdftex.def 2017/01/12 v0.06k Graphics/color for pdfTeX

(c:/texlive/2017/texmf-dist/tex/generic/oberdiek/infwarerr.sty
Package: infwarerr 2016/05/16 v1.4 Providing info/warning/error messages (HO)
)
(c:/texlive/2017/texmf-dist/tex/generic/oberdiek/ltxcmds.sty
Package: ltxcmds 2016/05/16 v1.23 LaTeX kernel commands for general use (HO)
)
\Gread@gobject=\count104
))
\Gin@req@height=\dimen120
\Gin@req@width=\dimen121
)
(c:/texlive/2017/texmf-dist/tex/generic/babel/babel.sty
Package: babel 2017/05/19 3.10 The Babel package

(c:/texlive/2017/texmf-dist/tex/generic/babel-english/english.ldf
Language: english 2017/01/24 v3.3q English support from the babel system

(c:/texlive/2017/texmf-dist/tex/generic/babel/babel.def
File: babel.def 2017/05/19 3.10 Babel common definitions
\babel@savecnt=\count105
\U@D=\dimen122
)
\l@canadian = a dialect from \language\l@american 
\l@australian = a dialect from \language\l@british 
\l@newzealand = a dialect from \language\l@british 
))
(c:/texlive/2017/texmf-dist/tex/latex/a4wide/a4wide.sty
Package: a4wide 1994/08/30

(c:/texlive/2017/texmf-dist/tex/latex/ntgclass/a4.sty
Package: a4 2004/04/15 v1.2g A4 based page layout
))
(c:/texlive/2017/texmf-dist/tex/latex/tools/indentfirst.sty
Package: indentfirst 1995/11/23 v1.03 Indent first paragraph (DPC)
)
(c:/texlive/2017/texmf-dist/tex/latex/multirow/multirow.sty
Package: multirow 2016/11/25 v2.2 Span multiple rows of a table
\multirow@colwidth=\skip48
\multirow@cntb=\count106
\multirow@dima=\skip49
\bigstrutjot=\dimen123
) (./Lab2.aux)
\openout1 = `Lab2.aux'.

LaTeX Font Info:    Checking defaults for OML/cmm/m/it on input line 19.
LaTeX Font Info:    ... okay on input line 19.
LaTeX Font Info:    Checking defaults for T1/cmr/m/n on input line 19.
LaTeX Font Info:    ... okay on input line 19.
LaTeX Font Info:    Checking defaults for OT1/cmr/m/n on input line 19.
LaTeX Font Info:    ... okay on input line 19.
LaTeX Font Info:    Checking defaults for OMS/cmsy/m/n on input line 19.
LaTeX Font Info:    ... okay on input line 19.
LaTeX Font Info:    Checking defaults for OMX/cmex/m/n on input line 19.
LaTeX Font Info:    ... okay on input line 19.
LaTeX Font Info:    Checking defaults for U/cmr/m/n on input line 19.
LaTeX Font Info:    ... okay on input line 19.

*geometry* driver: auto-detecting
*geometry* detected driver: pdftex
*geometry* verbose mode - [ preamble ] result:
* driver: pdftex
* paper: <default>
* layout: <same size as paper>
* layoutoffset:(h,v)=(0.0pt,0.0pt)
* modes: 
* h-part:(L,W,R)=(92.14519pt, 430.00462pt, 92.14519pt)
* v-part:(T,H,B)=(95.39737pt, 556.47656pt, 143.09605pt)
* \paperwidth=614.295pt
* \paperheight=794.96999pt
* \textwidth=460.72124pt
* \textheight=621.0pt
* \oddsidemargin=0.0pt
* \evensidemargin=0.0pt
* \topmargin=0.0pt
* \headheight=12.0pt
* \headsep=25.0pt
* \topskip=12.0pt
* \footskip=30.0pt
* \marginparwidth=54.2025pt
* \marginparsep=10.0pt
* \columnsep=10.0pt
* \skip\footins=10.8pt plus 4.0pt minus 2.0pt
* \hoffset=0.0pt
* \voffset=0.0pt
* \mag=1000
* \@twocolumnfalse
* \@twosidefalse
* \@mparswitchfalse
* \@reversemarginfalse
* (1in=72.27pt=25.4mm, 1cm=28.453pt)

(c:/texlive/2017/texmf-dist/tex/context/base/mkii/supp-pdf.mkii
[Loading MPS to PDF converter (version 2006.09.02).]
\scratchcounter=\count107
\scratchdimen=\dimen124
\scratchbox=\box30
\nofMPsegments=\count108
\nofMParguments=\count109
\everyMPshowfont=\toks24
\MPscratchCnt=\count110
\MPscratchDim=\dimen125
\MPnumerator=\count111
\makeMPintoPDFobject=\count112
\everyMPtoPDFconversion=\toks25
) (c:/texlive/2017/texmf-dist/tex/generic/oberdiek/pdftexcmds.sty
Package: pdftexcmds 2017/03/19 v0.25 Utility functions of pdfTeX for LuaTeX (HO
)

(c:/texlive/2017/texmf-dist/tex/generic/oberdiek/ifluatex.sty
Package: ifluatex 2016/05/16 v1.4 Provides the ifluatex switch (HO)
Package ifluatex Info: LuaTeX not detected.
)
Package pdftexcmds Info: LuaTeX not detected.
Package pdftexcmds Info: \pdf@primitive is available.
Package pdftexcmds Info: \pdf@ifprimitive is available.
Package pdftexcmds Info: \pdfdraftmode found.
)
(c:/texlive/2017/texmf-dist/tex/latex/oberdiek/epstopdf-base.sty
Package: epstopdf-base 2016/05/15 v2.6 Base part for package epstopdf

(c:/texlive/2017/texmf-dist/tex/latex/oberdiek/grfext.sty
Package: grfext 2016/05/16 v1.2 Manage graphics extensions (HO)

(c:/texlive/2017/texmf-dist/tex/generic/oberdiek/kvdefinekeys.sty
Package: kvdefinekeys 2016/05/16 v1.4 Define keys (HO)
))
(c:/texlive/2017/texmf-dist/tex/latex/oberdiek/kvoptions.sty
Package: kvoptions 2016/05/16 v3.12 Key value format for package options (HO)

(c:/texlive/2017/texmf-dist/tex/generic/oberdiek/kvsetkeys.sty
Package: kvsetkeys 2016/05/16 v1.17 Key value parser (HO)

(c:/texlive/2017/texmf-dist/tex/generic/oberdiek/etexcmds.sty
Package: etexcmds 2016/05/16 v1.6 Avoid name clashes with e-TeX commands (HO)
Package etexcmds Info: Could not find \expanded.
(etexcmds)             That can mean that you are not using pdfTeX 1.50 or
(etexcmds)             that some package has redefined \expanded.
(etexcmds)             In the latter case, load this package earlier.
)))
Package epstopdf-base Info: Redefining graphics rule for `.eps' on input line 4
38.
Package grfext Info: Graphics extension search list:
(grfext)             [.png,.pdf,.jpg,.mps,.jpeg,.jbig2,.jb2,.PNG,.PDF,.JPG,.JPE
G,.JBIG2,.JB2,.eps]
(grfext)             \AppendGraphicsExtensions on input line 456.

(c:/texlive/2017/texmf-dist/tex/latex/latexconfig/epstopdf-sys.cfg
File: epstopdf-sys.cfg 2010/07/13 v1.3 Configuration of (r)epstopdf for TeX Liv
e
))
LaTeX Font Info:    Try loading font information for U+msa on input line 20.

(c:/texlive/2017/texmf-dist/tex/latex/amsfonts/umsa.fd
File: umsa.fd 2013/01/14 v3.01 AMS symbols A
)
LaTeX Font Info:    Try loading font information for U+msb on input line 20.

(c:/texlive/2017/texmf-dist/tex/latex/amsfonts/umsb.fd
File: umsb.fd 2013/01/14 v3.01 AMS symbols B
) [1

{c:/texlive/2017/texmf-var/fonts/map/pdftex/updmap/pdftex.map}]
LaTeX Font Info:    Try loading font information for OMS+cmr on input line 24.

(c:/texlive/2017/texmf-dist/tex/latex/base/omscmr.fd
File: omscmr.fd 2014/09/29 v2.5h Standard LaTeX font definitions
)
LaTeX Font Info:    Font shape `OMS/cmr/m/n' in size <12> not available
(Font)              Font shape `OMS/cmsy/m/n' tried instead on input line 24.
Missing character: There is no ‚ in font cmr12!
Missing character: There is no Ä in font cmr12!
Missing character: There is no ú in font cmr12!
Missing character: There is no ‚ in font cmr12!
Missing character: There is no Ä in font cmr12!
Missing character: There is no ù in font cmr12!

Overfull \hbox (19.15054pt too wide) in paragraph at lines 47--52
[]\OT1/cmr/m/n/12 The trans-mit-ted AM (am-pli-tude mod-u-lated) sig-nal is of 
the form $\OML/cmm/m/it/12 x\OT1/cmr/m/n/12 (\OML/cmm/m/it/12 t\OT1/cmr/m/n/12 
) = (\OML/cmm/m/it/12 A \OT1/cmr/m/n/12 + \OML/cmm/m/it/12 bs\OT1/cmr/m/n/12 (\
OML/cmm/m/it/12 t\OT1/cmr/m/n/12 )) [](\OML/cmm/m/it/12 ![]t \OT1/cmr/m/n/12 +
 []

[2] <P1.jpg, id=16, 1358.07375pt x 726.715pt>
File: P1.jpg Graphic file (type jpg)
 <use P1.jpg>
Package pdftex.def Info: P1.jpg used on input line 64.
(pdftex.def)             Requested size: 407.42526pt x 218.01617pt.
Missing character: There is no ‚ in font cmr12!
Missing character: There is no Ä in font cmr12!
Missing character: There is no ú in font cmr12!
Missing character: There is no ‚ in font cmr12!
Missing character: There is no Ä in font cmr12!
Missing character: There is no ù in font cmr12!

<P2.jpg, id=17, 825.0825pt x 453.695pt>
File: P2.jpg Graphic file (type jpg)
 <use P2.jpg>
Package pdftex.def Info: P2.jpg used on input line 81.
(pdftex.def)             Requested size: 412.54024pt x 226.84694pt.
 [3 <./P1.jpg (PNG copy)>]
<P3.jpg, id=21, 900.36375pt x 711.65875pt>
File: P3.jpg Graphic file (type jpg)
 <use P3.jpg>
Package pdftex.def Info: P3.jpg used on input line 94.
(pdftex.def)             Requested size: 450.18077pt x 355.8285pt.
 [4 <./P2.jpg (PNG copy)>]
Missing character: There is no ‚ in font cmr12!
Missing character: There is no Ä in font cmr12!
Missing character: There is no ú in font cmr12!
Missing character: There is no ‚ in font cmr12!
Missing character: There is no Ä in font cmr12!
Missing character: There is no ù in font cmr12!
 <P4.jpg, id=25, 1022.82124pt x 336.25626pt>
File: P4.jpg Graphic file (type jpg)
 <use P4.jpg>
Package pdftex.def Info: P4.jpg used on input line 104.
(pdftex.def)             Requested size: 511.40936pt x 168.12772pt.

Overfull \hbox (50.68813pt too wide) in paragraph at lines 104--105
 [][] 
 []

[5 <./P3.jpg (PNG copy)>] <P5.jpg, id=29, 673.51625pt x 303.1325pt>
File: P5.jpg Graphic file (type jpg)

<use P5.jpg>
Package pdftex.def Info: P5.jpg used on input line 113.
(pdftex.def)             Requested size: 336.7573pt x 151.56587pt.
Missing character: There is no ‚ in font cmr12!
Missing character: There is no Ä in font cmr12!
Missing character: There is no ô in font cmr12!
 [6 <./P4.jpg (PNG copy)> <./P5.jpg (PNG copy)>]
Missing character: There is no ‚ in font cmr12!
Missing character: There is no Ä in font cmr12!
Missing character: There is no ú in font cmr12!
Missing character: There is no ‚ in font cmr12!
Missing character: There is no Ä in font cmr12!
Missing character: There is no ù in font cmr12!
 [7]
Missing character: There is no ‚ in font cmr12!
Missing character: There is no à in font cmr12!
Missing character: There is no í in font cmr12!
 [8]
Missing character: There is no ‚ in font cmr12!
Missing character: There is no Ä in font cmr12!
Missing character: There is no ú in font cmr12!
Missing character: There is no ‚ in font cmr12!
Missing character: There is no Ä in font cmr12!
Missing character: There is no ù in font cmr12!
Missing character: There is no ‚ in font cmr12!
Missing character: There is no Ä in font cmr12!
Missing character: There is no ô in font cmr12!
 [9]
[10] <P6.jpg, id=50, 936.49875pt x 868.24374pt>
File: P6.jpg Graphic file (type jpg)
 <use P6.jpg>
Package pdftex.def Info: P6.jpg used on input line 295.
(pdftex.def)             Requested size: 280.95178pt x 260.47513pt.

<P7.jpg, id=51, 904.37875pt x 313.17pt>
File: P7.jpg Graphic file (type jpg)
 <use P7.jpg>
Package pdftex.def Info: P7.jpg used on input line 307.
(pdftex.def)             Requested size: 452.18828pt x 156.58461pt.
 [11 <./P6.jpg (PNG copy)>] <P8.jpg, id=55, 956.07187pt x 211.54031pt>
File: P8.jpg Graphic file (type jpg)
 <use P8.jpg>
Package pdftex.def Info: P8.jpg used on input line 320.
(pdftex.def)             Requested size: 478.03476pt x 105.76988pt.

Overfull \hbox (17.31352pt too wide) in paragraph at lines 320--321
 [][] 
 []

<P9.jpg, id=57, 985.43156pt x 343.2825pt>
File: P9.jpg Graphic file (type jpg)
 <use P9.jpg>
Package pdftex.def Info: P9.jpg used on input line 322.
(pdftex.def)             Requested size: 492.71458pt x 171.64082pt.

Overfull \hbox (31.99335pt too wide) in paragraph at lines 322--323
 [][] 
 []

[12 <./P7.jpg (PNG copy)>] [13 <./P8.jpg> <./P9.jpg>] [14]
Missing character: There is no ‚ in font cmr12!
Missing character: There is no Ä in font cmr12!
Missing character: There is no ô in font cmr12!
 [15] [16]
<P10.jpg, id=76, 572.1375pt x 359.09157pt>
File: P10.jpg Graphic file (type jpg)
 <use P10.jpg>
Package pdftex.def Info: P10.jpg used on input line 471.
(pdftex.def)             Requested size: 286.06804pt x 179.54533pt.

<P11.jpg, id=77, 647.41875pt x 597.73312pt>
File: P11.jpg Graphic file (type jpg)
 <use P11.jpg>
Package pdftex.def Info: P11.jpg used on input line 481.
(pdftex.def)             Requested size: 323.70857pt x 298.86583pt.
 [17 <./P10.jpg>]
<P12.jpg, id=82, 1445.4pt x 1084.05pt>
File: P12.jpg Graphic file (type jpg)
 <use P12.jpg>
Package pdftex.def Info: P12.jpg used on input line 487.
(pdftex.def)             Requested size: 289.07487pt x 216.80615pt.

<P13.jpg, id=83, 1445.4pt x 1084.05pt>
File: P13.jpg Graphic file (type jpg)
 <use P13.jpg>
Package pdftex.def Info: P13.jpg used on input line 489.
(pdftex.def)             Requested size: 289.07487pt x 216.80615pt.
 [18 <./P11.jpg>]
<P14.jpg, id=88, 673.76718pt x 420.82219pt>
File: P14.jpg Graphic file (type jpg)
 <use P14.jpg>
Package pdftex.def Info: P14.jpg used on input line 496.
(pdftex.def)             Requested size: 336.88277pt x 210.41057pt.

<P15.jpg, id=89, 1445.4pt x 1084.05pt>
File: P15.jpg Graphic file (type jpg)
 <use P15.jpg>
Package pdftex.def Info: P15.jpg used on input line 498.
(pdftex.def)             Requested size: 361.34912pt x 271.01184pt.
 [19 <./P12.jpg> <./P13.jpg>] <P16.jpg, id=94, 646.66594pt x 430.60875pt>
File: P16.jpg Graphic file (type jpg)
 <use P16.jpg>
Package pdftex.def Info: P16.jpg used on input line 504.
(pdftex.def)             Requested size: 388.00255pt x 258.36723pt.

<P17.jpg, id=95, 645.16031pt x 429.85594pt>
File: P17.jpg Graphic file (type jpg)
 <use P17.jpg>
Package pdftex.def Info: P17.jpg used on input line 506.
(pdftex.def)             Requested size: 387.09917pt x 257.91554pt.

<P18.jpg, id=96, 1445.4pt x 1084.05pt>
File: P18.jpg Graphic file (type jpg)
 <use P18.jpg>
Package pdftex.def Info: P18.jpg used on input line 511.
(pdftex.def)             Requested size: 361.34912pt x 271.01184pt.

<P19.jpg, id=97, 1445.4pt x 1084.05pt>
File: P19.jpg Graphic file (type jpg)
 <use P19.jpg>
Package pdftex.def Info: P19.jpg used on input line 513.
(pdftex.def)             Requested size: 361.34912pt x 271.01184pt.
 [20 <./P14.jpg> <./P15.jpg>] [21 <./P16.jpg> <./P17.jpg>] <P20.jpg, id=107, 14
45.4pt x 1084.05pt>
File: P20.jpg Graphic file (type jpg)

<use P20.jpg>
Package pdftex.def Info: P20.jpg used on input line 519.
(pdftex.def)             Requested size: 289.07487pt x 216.80615pt.
 [22 <./P18.jpg> <./P19.jpg>]
<P21.jpg, id=111, 556.0775pt x 228.855pt>
File: P21.jpg Graphic file (type jpg)
 <use P21.jpg>
Package pdftex.def Info: P21.jpg used on input line 533.
(pdftex.def)             Requested size: 278.03807pt x 114.42722pt.
 [23 <./P20.jpg>]
Missing character: There is no ‚ in font cmr12!
Missing character: There is no Ä in font cmr12!
Missing character: There is no ú in font cmr12!
Missing character: There is no ‚ in font cmr12!
Missing character: There is no Ä in font cmr12!
Missing character: There is no ù in font cmr12!
Missing character: There is no ‚ in font cmr12!
Missing character: There is no Ä in font cmr12!
Missing character: There is no ô in font cmr12!
Missing character: There is no ‚ in font cmr12!
Missing character: There is no Ä in font cmr12!
Missing character: There is no ô in font cmr12!
Missing character: There is no ‚ in font cmr12!
Missing character: There is no Ä in font cmr12!
Missing character: There is no ô in font cmr12!
Missing character: There is no ‚ in font cmr12!
Missing character: There is no Ä in font cmr12!
Missing character: There is no ô in font cmr12!
Missing character: There is no ‚ in font cmr12!
Missing character: There is no Ä in font cmr12!
Missing character: There is no ô in font cmr12!
Missing character: There is no ‚ in font cmr12!
Missing character: There is no Ä in font cmr12!
Missing character: There is no ú in font cmr12!
Missing character: There is no ‚ in font cmr12!
Missing character: There is no Ä in font cmr12!
Missing character: There is no ù in font cmr12!
Missing character: There is no ‚ in font cmr12!
Missing character: There is no Ä in font cmr12!
Missing character: There is no ô in font cmr12!
Missing character: There is no ‚ in font cmr12!
Missing character: There is no Ä in font cmr12!
Missing character: There is no ú in font cmr12!
Missing character: There is no ‚ in font cmr12!
Missing character: There is no Ä in font cmr12!
Missing character: There is no ù in font cmr12!
Missing character: There is no ‚ in font cmr12!
Missing character: There is no Ä in font cmr12!
Missing character: There is no ú in font cmr12!
Missing character: There is no ‚ in font cmr12!
Missing character: There is no Ä in font cmr12!
Missing character: There is no ù in font cmr12!

[24 <./P21.jpg (PNG copy)>]
Missing character: There is no ‚ in font cmr12!
Missing character: There is no Ä in font cmr12!
Missing character: There is no ô in font cmr12!
 [25] (./Lab2.aux) ) 
Here is how much of TeX's memory you used:
 3924 strings out of 492995
 51632 string characters out of 6136403
 129422 words of memory out of 5000000
 7377 multiletter control sequences out of 15000+600000
 13024 words of font info for 50 fonts, out of 8000000 for 9000
 1141 hyphenation exceptions out of 8191
 39i,7n,26p,675b,225s stack positions out of 5000i,500n,10000p,200000b,80000s
<c:/texlive/2017/texmf-dist/fonts/type1/public/amsfonts/cm/
cmbx12.pfb><c:/texlive/2017/texmf-dist/fonts/type1/public/amsfonts/cm/cmbx8.pfb
><c:/texlive/2017/texmf-dist/fonts/type1/public/amsfonts/cm/cmex10.pfb><c:/texl
ive/2017/texmf-dist/fonts/type1/public/amsfonts/cm/cmmi12.pfb><c:/texlive/2017/
texmf-dist/fonts/type1/public/amsfonts/cm/cmmi6.pfb><c:/texlive/2017/texmf-dist
/fonts/type1/public/amsfonts/cm/cmmi8.pfb><c:/texlive/2017/texmf-dist/fonts/typ
e1/public/amsfonts/cm/cmr12.pfb><c:/texlive/2017/texmf-dist/fonts/type1/public/
amsfonts/cm/cmr6.pfb><c:/texlive/2017/texmf-dist/fonts/type1/public/amsfonts/cm
/cmr8.pfb><c:/texlive/2017/texmf-dist/fonts/type1/public/amsfonts/cm/cmsy10.pfb
><c:/texlive/2017/texmf-dist/fonts/type1/public/amsfonts/cm/cmsy8.pfb>
Output written on Lab2.pdf (25 pages, 3964383 bytes).
PDF statistics:
 158 PDF objects out of 1000 (max. 8388607)
 91 compressed objects within 1 object stream
 0 named destinations out of 1000 (max. 500000)
 106 words of extra memory for PDF output out of 10000 (max. 10000000)

