This is pdfTeX, Version 3.14159265-2.6-1.40.18 (TeX Live 2017/W32TeX) (preloaded format=pdflatex 2017.7.7)  21 NOV 2018 14:57
entering extended mode
 restricted \write18 enabled.
 %&-line parsing enabled.
**./Report.tex
(./Report.tex
LaTeX2e <2017-04-15>
Babel <3.10> and hyphenation patterns for 84 language(s) loaded.
(c:/texlive/2017/texmf-dist/tex/latex/base/article.cls
Document Class: article 2014/09/29 v1.4h Standard LaTeX document class
(c:/texlive/2017/texmf-dist/tex/latex/base/size12.clo
File: size12.clo 2014/09/29 v1.4h Standard LaTeX file (size option)
)
\c@part=\count79
\c@section=\count80
\c@subsection=\count81
\c@subsubsection=\count82
\c@paragraph=\count83
\c@subparagraph=\count84
\c@figure=\count85
\c@table=\count86
\abovecaptionskip=\skip41
\belowcaptionskip=\skip42
\bibindent=\dimen102
)
(c:/texlive/2017/texmf-dist/tex/latex/amsmath/amsmath.sty
Package: amsmath 2016/11/05 v2.16a AMS math features
\@mathmargin=\skip43

For additional information on amsmath, use the `?' option.
(c:/texlive/2017/texmf-dist/tex/latex/amsmath/amstext.sty
Package: amstext 2000/06/29 v2.01 AMS text

(c:/texlive/2017/texmf-dist/tex/latex/amsmath/amsgen.sty
File: amsgen.sty 1999/11/30 v2.0 generic functions
\@emptytoks=\toks14
\ex@=\dimen103
))
(c:/texlive/2017/texmf-dist/tex/latex/amsmath/amsbsy.sty
Package: amsbsy 1999/11/29 v1.2d Bold Symbols
\pmbraise@=\dimen104
)
(c:/texlive/2017/texmf-dist/tex/latex/amsmath/amsopn.sty
Package: amsopn 2016/03/08 v2.02 operator names
)
\inf@bad=\count87
LaTeX Info: Redefining \frac on input line 213.
\uproot@=\count88
\leftroot@=\count89
LaTeX Info: Redefining \overline on input line 375.
\classnum@=\count90
\DOTSCASE@=\count91
LaTeX Info: Redefining \ldots on input line 472.
LaTeX Info: Redefining \dots on input line 475.
LaTeX Info: Redefining \cdots on input line 596.
\Mathstrutbox@=\box26
\strutbox@=\box27
\big@size=\dimen105
LaTeX Font Info:    Redeclaring font encoding OML on input line 712.
LaTeX Font Info:    Redeclaring font encoding OMS on input line 713.
\macc@depth=\count92
\c@MaxMatrixCols=\count93
\dotsspace@=\muskip10
\c@parentequation=\count94
\dspbrk@lvl=\count95
\tag@help=\toks15
\row@=\count96
\column@=\count97
\maxfields@=\count98
\andhelp@=\toks16
\eqnshift@=\dimen106
\alignsep@=\dimen107
\tagshift@=\dimen108
\tagwidth@=\dimen109
\totwidth@=\dimen110
\lineht@=\dimen111
\@envbody=\toks17
\multlinegap=\skip44
\multlinetaggap=\skip45
\mathdisplay@stack=\toks18
LaTeX Info: Redefining \[ on input line 2817.
LaTeX Info: Redefining \] on input line 2818.
)
(c:/texlive/2017/texmf-dist/tex/latex/amsfonts/amssymb.sty
Package: amssymb 2013/01/14 v3.01 AMS font symbols

(c:/texlive/2017/texmf-dist/tex/latex/amsfonts/amsfonts.sty
Package: amsfonts 2013/01/14 v3.01 Basic AMSFonts support
\symAMSa=\mathgroup4
\symAMSb=\mathgroup5
LaTeX Font Info:    Overwriting math alphabet `\mathfrak' in version `bold'
(Font)                  U/euf/m/n --> U/euf/b/n on input line 106.
))
(c:/texlive/2017/texmf-dist/tex/latex/geometry/geometry.sty
Package: geometry 2010/09/12 v5.6 Page Geometry

(c:/texlive/2017/texmf-dist/tex/latex/graphics/keyval.sty
Package: keyval 2014/10/28 v1.15 key=value parser (DPC)
\KV@toks@=\toks19
)
(c:/texlive/2017/texmf-dist/tex/generic/oberdiek/ifpdf.sty
Package: ifpdf 2017/03/15 v3.2 Provides the ifpdf switch
)
(c:/texlive/2017/texmf-dist/tex/generic/oberdiek/ifvtex.sty
Package: ifvtex 2016/05/16 v1.6 Detect VTeX and its facilities (HO)
Package ifvtex Info: VTeX not detected.
)
(c:/texlive/2017/texmf-dist/tex/generic/ifxetex/ifxetex.sty
Package: ifxetex 2010/09/12 v0.6 Provides ifxetex conditional
)
\Gm@cnth=\count99
\Gm@cntv=\count100
\c@Gm@tempcnt=\count101
\Gm@bindingoffset=\dimen112
\Gm@wd@mp=\dimen113
\Gm@odd@mp=\dimen114
\Gm@even@mp=\dimen115
\Gm@layoutwidth=\dimen116
\Gm@layoutheight=\dimen117
\Gm@layouthoffset=\dimen118
\Gm@layoutvoffset=\dimen119
\Gm@dimlist=\toks20
)
(c:/texlive/2017/texmf-dist/tex/latex/tools/enumerate.sty
Package: enumerate 2015/07/23 v3.00 enumerate extensions (DPC)
\@enLab=\toks21
)
(c:/texlive/2017/texmf-dist/tex/latex/natbib/natbib.sty
Package: natbib 2010/09/13 8.31b (PWD, AO)
\bibhang=\skip46
\bibsep=\skip47
LaTeX Info: Redefining \cite on input line 694.
\c@NAT@ctr=\count102
)
(c:/texlive/2017/texmf-dist/tex/latex/float/float.sty
Package: float 2001/11/08 v1.3d Float enhancements (AL)
\c@float@type=\count103
\float@exts=\toks22
\float@box=\box28
\@float@everytoks=\toks23
\@floatcapt=\box29
)
(c:/texlive/2017/texmf-dist/tex/latex/graphics/graphicx.sty
Package: graphicx 2014/10/28 v1.0g Enhanced LaTeX Graphics (DPC,SPQR)

(c:/texlive/2017/texmf-dist/tex/latex/graphics/graphics.sty
Package: graphics 2017/04/14 v1.1b Standard LaTeX Graphics (DPC,SPQR)

(c:/texlive/2017/texmf-dist/tex/latex/graphics/trig.sty
Package: trig 2016/01/03 v1.10 sin cos tan (DPC)
)
(c:/texlive/2017/texmf-dist/tex/latex/graphics-cfg/graphics.cfg
File: graphics.cfg 2016/06/04 v1.11 sample graphics configuration
)
Package graphics Info: Driver file: pdftex.def on input line 99.

(c:/texlive/2017/texmf-dist/tex/latex/graphics-def/pdftex.def
File: pdftex.def 2017/01/12 v0.06k Graphics/color for pdfTeX

(c:/texlive/2017/texmf-dist/tex/generic/oberdiek/infwarerr.sty
Package: infwarerr 2016/05/16 v1.4 Providing info/warning/error messages (HO)
)
(c:/texlive/2017/texmf-dist/tex/generic/oberdiek/ltxcmds.sty
Package: ltxcmds 2016/05/16 v1.23 LaTeX kernel commands for general use (HO)
)
\Gread@gobject=\count104
))
\Gin@req@height=\dimen120
\Gin@req@width=\dimen121
)
(c:/texlive/2017/texmf-dist/tex/generic/babel/babel.sty
Package: babel 2017/05/19 3.10 The Babel package

(c:/texlive/2017/texmf-dist/tex/generic/babel-english/english.ldf
Language: english 2017/01/24 v3.3q English support from the babel system

(c:/texlive/2017/texmf-dist/tex/generic/babel/babel.def
File: babel.def 2017/05/19 3.10 Babel common definitions
\babel@savecnt=\count105
\U@D=\dimen122
)
\l@canadian = a dialect from \language\l@american 
\l@australian = a dialect from \language\l@british 
\l@newzealand = a dialect from \language\l@british 
))
(c:/texlive/2017/texmf-dist/tex/latex/a4wide/a4wide.sty
Package: a4wide 1994/08/30

(c:/texlive/2017/texmf-dist/tex/latex/ntgclass/a4.sty
Package: a4 2004/04/15 v1.2g A4 based page layout
))
(c:/texlive/2017/texmf-dist/tex/latex/tools/indentfirst.sty
Package: indentfirst 1995/11/23 v1.03 Indent first paragraph (DPC)
)
(c:/texlive/2017/texmf-dist/tex/latex/multirow/multirow.sty
Package: multirow 2016/11/25 v2.2 Span multiple rows of a table
\multirow@colwidth=\skip48
\multirow@cntb=\count106
\multirow@dima=\skip49
\bigstrutjot=\dimen123
) (./Report.aux)
\openout1 = `Report.aux'.

LaTeX Font Info:    Checking defaults for OML/cmm/m/it on input line 19.
LaTeX Font Info:    ... okay on input line 19.
LaTeX Font Info:    Checking defaults for T1/cmr/m/n on input line 19.
LaTeX Font Info:    ... okay on input line 19.
LaTeX Font Info:    Checking defaults for OT1/cmr/m/n on input line 19.
LaTeX Font Info:    ... okay on input line 19.
LaTeX Font Info:    Checking defaults for OMS/cmsy/m/n on input line 19.
LaTeX Font Info:    ... okay on input line 19.
LaTeX Font Info:    Checking defaults for OMX/cmex/m/n on input line 19.
LaTeX Font Info:    ... okay on input line 19.
LaTeX Font Info:    Checking defaults for U/cmr/m/n on input line 19.
LaTeX Font Info:    ... okay on input line 19.

*geometry* driver: auto-detecting
*geometry* detected driver: pdftex
*geometry* verbose mode - [ preamble ] result:
* driver: pdftex
* paper: <default>
* layout: <same size as paper>
* layoutoffset:(h,v)=(0.0pt,0.0pt)
* modes: 
* h-part:(L,W,R)=(92.14519pt, 430.00462pt, 92.14519pt)
* v-part:(T,H,B)=(95.39737pt, 556.47656pt, 143.09605pt)
* \paperwidth=614.295pt
* \paperheight=794.96999pt
* \textwidth=460.72124pt
* \textheight=621.0pt
* \oddsidemargin=0.0pt
* \evensidemargin=0.0pt
* \topmargin=0.0pt
* \headheight=12.0pt
* \headsep=25.0pt
* \topskip=12.0pt
* \footskip=30.0pt
* \marginparwidth=54.2025pt
* \marginparsep=10.0pt
* \columnsep=10.0pt
* \skip\footins=10.8pt plus 4.0pt minus 2.0pt
* \hoffset=0.0pt
* \voffset=0.0pt
* \mag=1000
* \@twocolumnfalse
* \@twosidefalse
* \@mparswitchfalse
* \@reversemarginfalse
* (1in=72.27pt=25.4mm, 1cm=28.453pt)

(c:/texlive/2017/texmf-dist/tex/context/base/mkii/supp-pdf.mkii
[Loading MPS to PDF converter (version 2006.09.02).]
\scratchcounter=\count107
\scratchdimen=\dimen124
\scratchbox=\box30
\nofMPsegments=\count108
\nofMParguments=\count109
\everyMPshowfont=\toks24
\MPscratchCnt=\count110
\MPscratchDim=\dimen125
\MPnumerator=\count111
\makeMPintoPDFobject=\count112
\everyMPtoPDFconversion=\toks25
) (c:/texlive/2017/texmf-dist/tex/generic/oberdiek/pdftexcmds.sty
Package: pdftexcmds 2017/03/19 v0.25 Utility functions of pdfTeX for LuaTeX (HO
)

(c:/texlive/2017/texmf-dist/tex/generic/oberdiek/ifluatex.sty
Package: ifluatex 2016/05/16 v1.4 Provides the ifluatex switch (HO)
Package ifluatex Info: LuaTeX not detected.
)
Package pdftexcmds Info: LuaTeX not detected.
Package pdftexcmds Info: \pdf@primitive is available.
Package pdftexcmds Info: \pdf@ifprimitive is available.
Package pdftexcmds Info: \pdfdraftmode found.
)
(c:/texlive/2017/texmf-dist/tex/latex/oberdiek/epstopdf-base.sty
Package: epstopdf-base 2016/05/15 v2.6 Base part for package epstopdf

(c:/texlive/2017/texmf-dist/tex/latex/oberdiek/grfext.sty
Package: grfext 2016/05/16 v1.2 Manage graphics extensions (HO)

(c:/texlive/2017/texmf-dist/tex/generic/oberdiek/kvdefinekeys.sty
Package: kvdefinekeys 2016/05/16 v1.4 Define keys (HO)
))
(c:/texlive/2017/texmf-dist/tex/latex/oberdiek/kvoptions.sty
Package: kvoptions 2016/05/16 v3.12 Key value format for package options (HO)

(c:/texlive/2017/texmf-dist/tex/generic/oberdiek/kvsetkeys.sty
Package: kvsetkeys 2016/05/16 v1.17 Key value parser (HO)

(c:/texlive/2017/texmf-dist/tex/generic/oberdiek/etexcmds.sty
Package: etexcmds 2016/05/16 v1.6 Avoid name clashes with e-TeX commands (HO)
Package etexcmds Info: Could not find \expanded.
(etexcmds)             That can mean that you are not using pdfTeX 1.50 or
(etexcmds)             that some package has redefined \expanded.
(etexcmds)             In the latter case, load this package earlier.
)))
Package epstopdf-base Info: Redefining graphics rule for `.eps' on input line 4
38.
Package grfext Info: Graphics extension search list:
(grfext)             [.png,.pdf,.jpg,.mps,.jpeg,.jbig2,.jb2,.PNG,.PDF,.JPG,.JPE
G,.JBIG2,.JB2,.eps]
(grfext)             \AppendGraphicsExtensions on input line 456.

(c:/texlive/2017/texmf-dist/tex/latex/latexconfig/epstopdf-sys.cfg
File: epstopdf-sys.cfg 2010/07/13 v1.3 Configuration of (r)epstopdf for TeX Liv
e
))
LaTeX Font Info:    Try loading font information for U+msa on input line 20.

(c:/texlive/2017/texmf-dist/tex/latex/amsfonts/umsa.fd
File: umsa.fd 2013/01/14 v3.01 AMS symbols A
)
LaTeX Font Info:    Try loading font information for U+msb on input line 20.

(c:/texlive/2017/texmf-dist/tex/latex/amsfonts/umsb.fd
File: umsb.fd 2013/01/14 v3.01 AMS symbols B
) [1

{c:/texlive/2017/texmf-var/fonts/map/pdftex/updmap/pdftex.map}] (./Report.toc)
\tf@toc=\write3
\openout3 = `Report.toc'.

 [2]

LaTeX Warning: The counter will not be printed.
             The label is: - on input line 26.

<P1.jpg, id=11, 719.68875pt x 548.80031pt>
File: P1.jpg Graphic file (type jpg)
 <use P1.jpg>
Package pdftex.def Info: P1.jpg used on input line 35.
(pdftex.def)             Requested size: 359.84349pt x 274.39948pt.

<Instruction.jpg, id=13, 382.42876pt x 427.5975pt>
File: Instruction.jpg Graphic file (type jpg)
 <use Instruction.jpg>
Package pdftex.def Info: Instruction.jpg used on input line 45.
(pdftex.def)             Requested size: 382.42781pt x 427.59645pt.

[3 <./P1.jpg>] [4 <./Instruction.jpg>]
<CD.jpg, id=22, 250.68657pt x 401.24907pt>
File: CD.jpg Graphic file (type jpg)
 <use CD.jpg>
Package pdftex.def Info: CD.jpg used on input line 62.
(pdftex.def)             Requested size: 250.68594pt x 401.24808pt.
 [5]
<SSD1.jpg, id=26, 274.77657pt x 384.6872pt>
File: SSD1.jpg Graphic file (type jpg)
 <use SSD1.jpg>
Package pdftex.def Info: SSD1.jpg used on input line 68.
(pdftex.def)             Requested size: 274.77588pt x 384.68625pt.

<SSD2.jpg, id=27, 182.18062pt x 151.3153pt>
File: SSD2.jpg Graphic file (type jpg)
 <use SSD2.jpg>
Package pdftex.def Info: SSD2.jpg used on input line 72.
(pdftex.def)             Requested size: 182.18016pt x 151.31493pt.
 [6 <./CD.jpg>]
[7 <./SSD1.jpg> <./SSD2.jpg>] <xdc1.jpg, id=38, 368.1253pt x 402.75468pt>
File: xdc1.jpg Graphic file (type jpg)

<use xdc1.jpg>
Package pdftex.def Info: xdc1.jpg used on input line 79.
(pdftex.def)             Requested size: 368.1244pt x 402.7537pt.
 <xdc2.jpg, id=39, 318.43968pt x 158.84344pt>
File: xdc2.jpg Graphic file (type jpg)
 <use xdc2.jpg>
Package pdftex.def Info: xdc2.jpg used on input line 83.
(pdftex.def)             Requested size: 318.4389pt x 158.84305pt.

[8 <./xdc1.jpg>]

LaTeX Warning: The counter will not be printed.
             The label is: - on input line 91.

<R1.jpg, id=44, 316.18124pt x 586.44093pt>
File: R1.jpg Graphic file (type jpg)
 <use R1.jpg>
Package pdftex.def Info: R1.jpg used on input line 100.
(pdftex.def)             Requested size: 316.18047pt x 586.43948pt.

<R2.jpg, id=45, 319.94531pt x 588.69937pt>
File: R2.jpg Graphic file (type jpg)
 <use R2.jpg>
Package pdftex.def Info: R2.jpg used on input line 104.
(pdftex.def)             Requested size: 319.94452pt x 588.69792pt.
 [9 <./xdc2.jpg>]
Overfull \vbox (50.65614pt too high) has occurred while \output is active []


[10 <./R1.jpg>] <R3.jpg, id=54, 322.20375pt x 584.93532pt>
File: R3.jpg Graphic file (type jpg)
 <use R3.jpg>
Package pdftex.def Info: R3.jpg used on input line 108.
(pdftex.def)             Requested size: 322.20296pt x 584.93388pt.

<R4.jpg, id=55, 319.1925pt x 589.4522pt>
File: R4.jpg Graphic file (type jpg)
 <use R4.jpg>
Package pdftex.def Info: R4.jpg used on input line 112.
(pdftex.def)             Requested size: 319.19171pt x 589.45076pt.
 [11 <./R2.jpg>]
<R5.jpg, id=60, 325.215pt x 596.2275pt>
File: R5.jpg Graphic file (type jpg)
 <use R5.jpg>
Package pdftex.def Info: R5.jpg used on input line 116.
(pdftex.def)             Requested size: 325.2142pt x 596.22604pt.
 [12 <./R3.jpg>]
<R6.jpg, id=65, 326.72063pt x 593.21625pt>
File: R6.jpg Graphic file (type jpg)
 <use R6.jpg>
Package pdftex.def Info: R6.jpg used on input line 120.
(pdftex.def)             Requested size: 326.71982pt x 593.2148pt.
 [13 <./R4.jpg>]
<R7.jpg, id=71, 324.46219pt x 586.44093pt>
File: R7.jpg Graphic file (type jpg)
 <use R7.jpg>
Package pdftex.def Info: R7.jpg used on input line 124.
(pdftex.def)             Requested size: 324.46138pt x 586.43948pt.
 [14 <./R5.jpg>]
<R8.jpg, id=76, 331.99031pt x 599.23875pt>
File: R8.jpg Graphic file (type jpg)
 <use R8.jpg>
Package pdftex.def Info: R8.jpg used on input line 128.
(pdftex.def)             Requested size: 331.98949pt x 599.23729pt.
 [15 <./R6.jpg>]
<R9.jpg, id=81, 327.47343pt x 593.21625pt>
File: R9.jpg Graphic file (type jpg)
 <use R9.jpg>
Package pdftex.def Info: R9.jpg used on input line 132.
(pdftex.def)             Requested size: 327.47264pt x 593.2148pt.
 [16 <./R7.jpg>]
<R10.jpg, id=86, 329.73187pt x 596.2275pt>
File: R10.jpg Graphic file (type jpg)
 <use R10.jpg>
Package pdftex.def Info: R10.jpg used on input line 136.
(pdftex.def)             Requested size: 329.73105pt x 596.22604pt.
 [17 <./R8.jpg>]
<R11.jpg, id=91, 322.20375pt x 593.96906pt>
File: R11.jpg Graphic file (type jpg)
 <use R11.jpg>
Package pdftex.def Info: R11.jpg used on input line 140.
(pdftex.def)             Requested size: 322.20296pt x 593.9676pt.
 [18 <./R9.jpg>]
<R12.jpg, id=96, 323.70938pt x 590.205pt>
File: R12.jpg Graphic file (type jpg)
 <use R12.jpg>
Package pdftex.def Info: R12.jpg used on input line 144.
(pdftex.def)             Requested size: 323.70859pt x 590.20355pt.
 [19 <./R10.jpg>]
<R13.jpg, id=102, 331.2375pt x 593.96906pt>
File: R13.jpg Graphic file (type jpg)
 <use R13.jpg>
Package pdftex.def Info: R13.jpg used on input line 148.
(pdftex.def)             Requested size: 331.23668pt x 593.9676pt.
 [20 <./R11.jpg>]
<R14.jpg, id=107, 329.73187pt x 199.49532pt>
File: R14.jpg Graphic file (type jpg)
 <use R14.jpg>
Package pdftex.def Info: R14.jpg used on input line 152.
(pdftex.def)             Requested size: 329.73105pt x 199.49481pt.
 [21 <./R12.jpg>]
[22 <./R13.jpg>] [23 <./R14.jpg>] (./Report.aux) ) 
Here is how much of TeX's memory you used:
 3905 strings out of 492995
 51387 string characters out of 6136403
 128384 words of memory out of 5000000
 7360 multiletter control sequences out of 15000+600000
 12403 words of font info for 48 fonts, out of 8000000 for 9000
 1141 hyphenation exceptions out of 8191
 39i,7n,26p,343b,221s stack positions out of 5000i,500n,10000p,200000b,80000s
<c:/texlive/2017/texmf-dist/f
onts/type1/public/amsfonts/cm/cmbx12.pfb><c:/texlive/2017/texmf-dist/fonts/type
1/public/amsfonts/cm/cmr12.pfb>
Output written on Report.pdf (23 pages, 341371 bytes).
PDF statistics:
 129 PDF objects out of 1000 (max. 8388607)
 59 compressed objects within 1 object stream
 0 named destinations out of 1000 (max. 500000)
 106 words of extra memory for PDF output out of 10000 (max. 10000000)

