#-----------------------------------------------------------
# Vivado v2018.1 (64-bit)
# SW Build 2188600 on Wed Apr  4 18:40:38 MDT 2018
# IP Build 2185939 on Wed Apr  4 20:55:05 MDT 2018
# Start of session at: Wed Nov 14 14:11:04 2018
# Process ID: 4940
# Current directory: D:/PANDA/Study/VE270/Lab/Lab5/Lab5
# Command line: vivado.exe -gui_launcher_event rodinguilauncherevent10016 D:\PANDA\Study\VE270\Lab\Lab5\Lab5\Lab5.xpr
# Log file: D:/PANDA/Study/VE270/Lab/Lab5/Lab5/vivado.log
# Journal file: D:/PANDA/Study/VE270/Lab/Lab5/Lab5\vivado.jou
#-----------------------------------------------------------
start_gui
open_project D:/PANDA/Study/VE270/Lab/Lab5/Lab5/Lab5.xpr
Scanning sources...
Finished scanning sources
INFO: [IP_Flow 19-234] Refreshing IP repositories
INFO: [IP_Flow 19-1704] No user IP repositories specified
INFO: [IP_Flow 19-2313] Loaded Vivado IP repository 'C:/Xilinx/Vivado/2018.1/data/ip'.
open_project: Time (s): cpu = 00:00:15 ; elapsed = 00:00:06 . Memory (MB): peak = 917.934 ; gain = 166.289
update_compile_order -fileset sources_1
exit
INFO: [Common 17-206] Exiting Vivado at Wed Nov 14 14:34:35 2018...
