#-----------------------------------------------------------
# Vivado v2018.1 (64-bit)
# SW Build 2188600 on Wed Apr  4 18:40:38 MDT 2018
# IP Build 2185939 on Wed Apr  4 20:55:05 MDT 2018
# Start of session at: Mon Jul  2 10:07:44 2018
# Process ID: 2940
# Current directory: D:/PANDA/Study/VE270/Lab/Lab5/Lab5
# Command line: vivado.exe -gui_launcher_event rodinguilauncherevent6896 D:\PANDA\Study\VE270\Lab\Lab5\Lab5\Lab5.xpr
# Log file: D:/PANDA/Study/VE270/Lab/Lab5/Lab5/vivado.log
# Journal file: D:/PANDA/Study/VE270/Lab/Lab5/Lab5\vivado.jou
#-----------------------------------------------------------
start_gui
open_project D:/PANDA/Study/VE270/Lab/Lab5/Lab5/Lab5.xpr
Scanning sources...
Finished scanning sources
INFO: [IP_Flow 19-234] Refreshing IP repositories
INFO: [IP_Flow 19-1704] No user IP repositories specified
INFO: [IP_Flow 19-2313] Loaded Vivado IP repository 'C:/Xilinx/Vivado/2018.1/data/ip'.
open_project: Time (s): cpu = 00:00:11 ; elapsed = 00:00:06 . Memory (MB): peak = 900.219 ; gain = 143.332
update_compile_order -fileset sources_1
reset_run synth_1
launch_runs synth_1 -jobs 4
CRITICAL WARNING: [HDL 9-806] Syntax error near "end". [D:/PANDA/Study/VE270/Lab/Lab5/Lab5/Lab5.srcs/sources_1/new/Lab5.v:86]
CRITICAL WARNING: [HDL 9-806] Syntax error near "end". [D:/PANDA/Study/VE270/Lab/Lab5/Lab5/Lab5.srcs/sources_1/new/Lab5.v:107]
CRITICAL WARNING: [HDL 9-806] Syntax error near "end". [D:/PANDA/Study/VE270/Lab/Lab5/Lab5/Lab5.srcs/sources_1/new/Lab5.v:124]
[Tue Jul  3 00:27:58 2018] Launched synth_1...
Run output will be captured here: D:/PANDA/Study/VE270/Lab/Lab5/Lab5/Lab5.runs/synth_1/runme.log
reset_run synth_1
launch_runs synth_1 -jobs 4
[Tue Jul  3 00:34:59 2018] Launched synth_1...
Run output will be captured here: D:/PANDA/Study/VE270/Lab/Lab5/Lab5/Lab5.runs/synth_1/runme.log
reset_run synth_1
launch_runs synth_1 -jobs 4
CRITICAL WARNING: [HDL 9-806] Syntax error near "always". [D:/PANDA/Study/VE270/Lab/Lab5/Lab5/Lab5.srcs/sources_1/new/Lab5.v:50]
CRITICAL WARNING: [HDL 9-806] Syntax error near "endmodule". [D:/PANDA/Study/VE270/Lab/Lab5/Lab5/Lab5.srcs/sources_1/new/Lab5.v:76]
CRITICAL WARNING: [HDL 9-806] Syntax error near "input". [D:/PANDA/Study/VE270/Lab/Lab5/Lab5/Lab5.srcs/sources_1/new/Lab5.v:79]
CRITICAL WARNING: [HDL 9-806] Syntax error near "clk500". [D:/PANDA/Study/VE270/Lab/Lab5/Lab5/Lab5.srcs/sources_1/new/Lab5.v:81]
CRITICAL WARNING: [HDL 9-806] Syntax error near "[". [D:/PANDA/Study/VE270/Lab/Lab5/Lab5/Lab5.srcs/sources_1/new/Lab5.v:82]
CRITICAL WARNING: [HDL 9-806] Syntax error near "endmodule". [D:/PANDA/Study/VE270/Lab/Lab5/Lab5/Lab5.srcs/sources_1/new/Lab5.v:97]
CRITICAL WARNING: [HDL 9-806] Syntax error near "input". [D:/PANDA/Study/VE270/Lab/Lab5/Lab5/Lab5.srcs/sources_1/new/Lab5.v:100]
CRITICAL WARNING: [HDL 9-806] Syntax error near "clk1". [D:/PANDA/Study/VE270/Lab/Lab5/Lab5/Lab5.srcs/sources_1/new/Lab5.v:102]
CRITICAL WARNING: [HDL 9-806] Syntax error near "[". [D:/PANDA/Study/VE270/Lab/Lab5/Lab5/Lab5.srcs/sources_1/new/Lab5.v:103]
CRITICAL WARNING: [HDL 9-806] Syntax error near "endmodule". [D:/PANDA/Study/VE270/Lab/Lab5/Lab5/Lab5.srcs/sources_1/new/Lab5.v:118]
CRITICAL WARNING: [HDL 9-806] Syntax error near "input". [D:/PANDA/Study/VE270/Lab/Lab5/Lab5/Lab5.srcs/sources_1/new/Lab5.v:121]
CRITICAL WARNING: [HDL 9-806] Syntax error near "[". [D:/PANDA/Study/VE270/Lab/Lab5/Lab5/Lab5.srcs/sources_1/new/Lab5.v:123]
CRITICAL WARNING: [HDL 9-806] Syntax error near "[". [D:/PANDA/Study/VE270/Lab/Lab5/Lab5/Lab5.srcs/sources_1/new/Lab5.v:124]
CRITICAL WARNING: [HDL 9-806] Syntax error near "endmodule". [D:/PANDA/Study/VE270/Lab/Lab5/Lab5/Lab5.srcs/sources_1/new/Lab5.v:134]
CRITICAL WARNING: [HDL 9-806] Syntax error near "input". [D:/PANDA/Study/VE270/Lab/Lab5/Lab5/Lab5.srcs/sources_1/new/Lab5.v:137]
CRITICAL WARNING: [HDL 9-806] Syntax error near "[". [D:/PANDA/Study/VE270/Lab/Lab5/Lab5/Lab5.srcs/sources_1/new/Lab5.v:140]
CRITICAL WARNING: [HDL 9-806] Syntax error near "endmodule". [D:/PANDA/Study/VE270/Lab/Lab5/Lab5/Lab5.srcs/sources_1/new/Lab5.v:146]
[Tue Jul  3 00:50:15 2018] Launched synth_1...
Run output will be captured here: D:/PANDA/Study/VE270/Lab/Lab5/Lab5/Lab5.runs/synth_1/runme.log
reset_run synth_1
launch_runs synth_1 -jobs 4
[Tue Jul  3 00:52:36 2018] Launched synth_1...
Run output will be captured here: D:/PANDA/Study/VE270/Lab/Lab5/Lab5/Lab5.runs/synth_1/runme.log
launch_runs impl_1 -jobs 4
[Tue Jul  3 00:53:22 2018] Launched impl_1...
Run output will be captured here: D:/PANDA/Study/VE270/Lab/Lab5/Lab5/Lab5.runs/impl_1/runme.log
reset_run synth_1
launch_runs synth_1 -jobs 4
[Tue Jul  3 01:05:03 2018] Launched synth_1...
Run output will be captured here: D:/PANDA/Study/VE270/Lab/Lab5/Lab5/Lab5.runs/synth_1/runme.log
reset_run synth_1
launch_runs synth_1 -jobs 4
[Tue Jul  3 01:05:59 2018] Launched synth_1...
Run output will be captured here: D:/PANDA/Study/VE270/Lab/Lab5/Lab5/Lab5.runs/synth_1/runme.log
reset_run synth_1
launch_runs synth_1 -jobs 4
[Tue Jul  3 01:06:50 2018] Launched synth_1...
Run output will be captured here: D:/PANDA/Study/VE270/Lab/Lab5/Lab5/Lab5.runs/synth_1/runme.log
reset_run synth_1
launch_runs synth_1 -jobs 4
[Tue Jul  3 01:07:50 2018] Launched synth_1...
Run output will be captured here: D:/PANDA/Study/VE270/Lab/Lab5/Lab5/Lab5.runs/synth_1/runme.log
reset_run synth_1
launch_runs synth_1 -jobs 4
[Tue Jul  3 01:15:51 2018] Launched synth_1...
Run output will be captured here: D:/PANDA/Study/VE270/Lab/Lab5/Lab5/Lab5.runs/synth_1/runme.log
launch_runs impl_1 -jobs 4
[Tue Jul  3 01:16:35 2018] Launched impl_1...
Run output will be captured here: D:/PANDA/Study/VE270/Lab/Lab5/Lab5/Lab5.runs/impl_1/runme.log
launch_runs impl_1 -to_step write_bitstream -jobs 4
[Tue Jul  3 01:18:06 2018] Launched impl_1...
Run output will be captured here: D:/PANDA/Study/VE270/Lab/Lab5/Lab5/Lab5.runs/impl_1/runme.log
open_hw
connect_hw_server
INFO: [Labtools 27-2285] Connecting to hw_server url TCP:localhost:3121
INFO: [Labtools 27-2222] Launching hw_server...
INFO: [Labtools 27-2221] Launch Output:

****** Xilinx hw_server v2018.1
  **** Build date : Apr  4 2018-19:32:53
    ** Copyright 1986-2018 Xilinx, Inc. All Rights Reserved.


open_hw_target
INFO: [Labtoolstcl 44-466] Opening hw_target localhost:3121/xilinx_tcf/Digilent/210183A387B0A
set_property PROGRAM.FILE {D:/PANDA/Study/VE270/Lab/Lab5/Lab5/Lab5.runs/impl_1/Lab5.bit} [get_hw_devices xc7a35t_0]
current_hw_device [get_hw_devices xc7a35t_0]
refresh_hw_device -update_hw_probes false [lindex [get_hw_devices xc7a35t_0] 0]
INFO: [Labtools 27-1435] Device xc7a35t (JTAG device index = 0) is not programmed (DONE status = 0).
set_property PROBES.FILE {} [get_hw_devices xc7a35t_0]
set_property FULL_PROBES.FILE {} [get_hw_devices xc7a35t_0]
set_property PROGRAM.FILE {D:/PANDA/Study/VE270/Lab/Lab5/Lab5/Lab5.runs/impl_1/Lab5.bit} [get_hw_devices xc7a35t_0]
program_hw_devices [get_hw_devices xc7a35t_0]
INFO: [Labtools 27-3164] End of startup status: HIGH
refresh_hw_device [lindex [get_hw_devices xc7a35t_0] 0]
INFO: [Labtools 27-1434] Device xc7a35t (JTAG device index = 0) is programmed with a design that has no supported debug core(s) in it.
WARNING: [Labtools 27-3361] The debug hub core was not detected.
Resolution: 
1. Make sure the clock connected to the debug hub (dbg_hub) core is a free running clock and is active.
2. Make sure the BSCAN_SWITCH_USER_MASK device property in Vivado Hardware Manager reflects the user scan chain setting in the design and refresh the device.  To determine the user scan chain setting in the design, open the implemented design and use 'get_property C_USER_SCAN_CHAIN [get_debug_cores dbg_hub]'.
For more details on setting the scan chain property, consult the Vivado Debug and Programming User Guide (UG908).
reset_run synth_1
launch_runs synth_1 -jobs 4
[Tue Jul  3 01:21:27 2018] Launched synth_1...
Run output will be captured here: D:/PANDA/Study/VE270/Lab/Lab5/Lab5/Lab5.runs/synth_1/runme.log
launch_runs impl_1 -jobs 4
[Tue Jul  3 01:22:09 2018] Launched impl_1...
Run output will be captured here: D:/PANDA/Study/VE270/Lab/Lab5/Lab5/Lab5.runs/impl_1/runme.log
launch_runs impl_1 -to_step write_bitstream -jobs 4
[Tue Jul  3 01:23:14 2018] Launched impl_1...
Run output will be captured here: D:/PANDA/Study/VE270/Lab/Lab5/Lab5/Lab5.runs/impl_1/runme.log
set_property PROBES.FILE {} [get_hw_devices xc7a35t_0]
set_property FULL_PROBES.FILE {} [get_hw_devices xc7a35t_0]
set_property PROGRAM.FILE {D:/PANDA/Study/VE270/Lab/Lab5/Lab5/Lab5.runs/impl_1/Lab5.bit} [get_hw_devices xc7a35t_0]
program_hw_devices [get_hw_devices xc7a35t_0]
INFO: [Labtools 27-3164] End of startup status: HIGH
refresh_hw_device [lindex [get_hw_devices xc7a35t_0] 0]
INFO: [Labtools 27-1434] Device xc7a35t (JTAG device index = 0) is programmed with a design that has no supported debug core(s) in it.
WARNING: [Labtools 27-3361] The debug hub core was not detected.
Resolution: 
1. Make sure the clock connected to the debug hub (dbg_hub) core is a free running clock and is active.
2. Make sure the BSCAN_SWITCH_USER_MASK device property in Vivado Hardware Manager reflects the user scan chain setting in the design and refresh the device.  To determine the user scan chain setting in the design, open the implemented design and use 'get_property C_USER_SCAN_CHAIN [get_debug_cores dbg_hub]'.
For more details on setting the scan chain property, consult the Vivado Debug and Programming User Guide (UG908).
reset_run synth_1
launch_runs synth_1 -jobs 4
[Tue Jul  3 01:27:14 2018] Launched synth_1...
Run output will be captured here: D:/PANDA/Study/VE270/Lab/Lab5/Lab5/Lab5.runs/synth_1/runme.log
launch_runs impl_1 -jobs 4
[Tue Jul  3 01:28:02 2018] Launched impl_1...
Run output will be captured here: D:/PANDA/Study/VE270/Lab/Lab5/Lab5/Lab5.runs/impl_1/runme.log
launch_runs impl_1 -to_step write_bitstream -jobs 4
[Tue Jul  3 01:29:14 2018] Launched impl_1...
Run output will be captured here: D:/PANDA/Study/VE270/Lab/Lab5/Lab5/Lab5.runs/impl_1/runme.log
set_property PROBES.FILE {} [get_hw_devices xc7a35t_0]
set_property FULL_PROBES.FILE {} [get_hw_devices xc7a35t_0]
set_property PROGRAM.FILE {D:/PANDA/Study/VE270/Lab/Lab5/Lab5/Lab5.runs/impl_1/Lab5.bit} [get_hw_devices xc7a35t_0]
program_hw_devices [get_hw_devices xc7a35t_0]
INFO: [Labtools 27-3164] End of startup status: HIGH
refresh_hw_device [lindex [get_hw_devices xc7a35t_0] 0]
INFO: [Labtools 27-1434] Device xc7a35t (JTAG device index = 0) is programmed with a design that has no supported debug core(s) in it.
WARNING: [Labtools 27-3361] The debug hub core was not detected.
Resolution: 
1. Make sure the clock connected to the debug hub (dbg_hub) core is a free running clock and is active.
2. Make sure the BSCAN_SWITCH_USER_MASK device property in Vivado Hardware Manager reflects the user scan chain setting in the design and refresh the device.  To determine the user scan chain setting in the design, open the implemented design and use 'get_property C_USER_SCAN_CHAIN [get_debug_cores dbg_hub]'.
For more details on setting the scan chain property, consult the Vivado Debug and Programming User Guide (UG908).
reset_run synth_1
launch_runs synth_1 -jobs 4
[Tue Jul  3 01:39:33 2018] Launched synth_1...
Run output will be captured here: D:/PANDA/Study/VE270/Lab/Lab5/Lab5/Lab5.runs/synth_1/runme.log
reset_run synth_1
WARNING: [Vivado 12-1017] Problems encountered:
1. PID not specified

launch_runs synth_1 -jobs 4
[Tue Jul  3 01:39:36 2018] Launched synth_1...
Run output will be captured here: D:/PANDA/Study/VE270/Lab/Lab5/Lab5/Lab5.runs/synth_1/runme.log
launch_runs impl_1 -jobs 4
[Tue Jul  3 01:40:15 2018] Launched impl_1...
Run output will be captured here: D:/PANDA/Study/VE270/Lab/Lab5/Lab5/Lab5.runs/impl_1/runme.log
open_run impl_1
INFO: [Netlist 29-17] Analyzing 7 Unisim elements for replacement
INFO: [Netlist 29-28] Unisim Transformation completed in 0 CPU seconds
INFO: [Project 1-479] Netlist was created with Vivado 2018.1
INFO: [Device 21-403] Loading part xc7a35tcpg236-1
INFO: [Project 1-570] Preparing netlist for logic optimization
INFO: [Timing 38-478] Restoring timing data from binary archive.
INFO: [Timing 38-479] Binary timing data restore complete.
INFO: [Project 1-856] Restoring constraints from binary archive.
INFO: [Project 1-853] Binary constraint restore complete.
Reading XDEF placement.
Reading placer database...
Reading XDEF routing.
Read XDEF File: Time (s): cpu = 00:00:00 ; elapsed = 00:00:00.041 . Memory (MB): peak = 2587.066 ; gain = 0.000
Restored from archive | CPU: 0.000000 secs | Memory: 0.000000 MB |
Finished XDEF File Restore: Time (s): cpu = 00:00:00 ; elapsed = 00:00:00.041 . Memory (MB): peak = 2587.066 ; gain = 0.000
INFO: [Project 1-111] Unisim Transformation Summary:
No Unisim elements were transformed.

open_run: Time (s): cpu = 00:00:31 ; elapsed = 00:00:28 . Memory (MB): peak = 2664.641 ; gain = 902.492
WARNING: [Timing 38-313] There are no user specified timing constraints. Timing constraints are needed for proper timing analysis.
launch_runs impl_1 -to_step write_bitstream -jobs 4
[Tue Jul  3 01:41:55 2018] Launched impl_1...
Run output will be captured here: D:/PANDA/Study/VE270/Lab/Lab5/Lab5/Lab5.runs/impl_1/runme.log
launch_runs impl_1 -to_step write_bitstream -jobs 4
ERROR: [Common 17-69] Command failed:  Run'impl_1' is already running and cannot be relaunched.
set_property PROBES.FILE {} [get_hw_devices xc7a35t_0]
set_property FULL_PROBES.FILE {} [get_hw_devices xc7a35t_0]
set_property PROGRAM.FILE {D:/PANDA/Study/VE270/Lab/Lab5/Lab5/Lab5.runs/impl_1/Lab5.bit} [get_hw_devices xc7a35t_0]
program_hw_devices [get_hw_devices xc7a35t_0]
INFO: [Labtools 27-3164] End of startup status: HIGH
refresh_hw_device [lindex [get_hw_devices xc7a35t_0] 0]
INFO: [Labtools 27-1434] Device xc7a35t (JTAG device index = 0) is programmed with a design that has no supported debug core(s) in it.
WARNING: [Labtools 27-3361] The debug hub core was not detected.
Resolution: 
1. Make sure the clock connected to the debug hub (dbg_hub) core is a free running clock and is active.
2. Make sure the BSCAN_SWITCH_USER_MASK device property in Vivado Hardware Manager reflects the user scan chain setting in the design and refresh the device.  To determine the user scan chain setting in the design, open the implemented design and use 'get_property C_USER_SCAN_CHAIN [get_debug_cores dbg_hub]'.
For more details on setting the scan chain property, consult the Vivado Debug and Programming User Guide (UG908).
exit
