#-----------------------------------------------------------
# Vivado v2018.1 (64-bit)
# SW Build 2188600 on Wed Apr  4 18:40:38 MDT 2018
# IP Build 2185939 on Wed Apr  4 20:55:05 MDT 2018
# Start of session at: Thu Nov 15 20:41:52 2018
# Process ID: 10420
# Current directory: D:/PANDA/Study/VE370/Project/Project2/P2 single cycle
# Command line: vivado.exe -gui_launcher_event rodinguilauncherevent17692 D:\PANDA\Study\VE370\Project\Project2\P2 single cycle\P2 single cycle.xpr
# Log file: D:/PANDA/Study/VE370/Project/Project2/P2 single cycle/vivado.log
# Journal file: D:/PANDA/Study/VE370/Project/Project2/P2 single cycle\vivado.jou
#-----------------------------------------------------------
start_gui
open_project {D:/PANDA/Study/VE370/Project/Project2/P2 single cycle/P2 single cycle.xpr}
Scanning sources...
Finished scanning sources
INFO: [IP_Flow 19-234] Refreshing IP repositories
INFO: [IP_Flow 19-1704] No user IP repositories specified
INFO: [IP_Flow 19-2313] Loaded Vivado IP repository 'C:/Xilinx/Vivado/2018.1/data/ip'.
open_project: Time (s): cpu = 00:00:09 ; elapsed = 00:00:06 . Memory (MB): peak = 828.762 ; gain = 78.195
update_compile_order -fileset sources_1
exit
INFO: [Common 17-206] Exiting Vivado at Thu Nov 15 20:42:37 2018...
