#-----------------------------------------------------------
# Vivado v2018.1 (64-bit)
# SW Build 2188600 on Wed Apr  4 18:40:38 MDT 2018
# IP Build 2185939 on Wed Apr  4 20:55:05 MDT 2018
# Start of session at: Wed Jun 27 15:03:31 2018
# Process ID: 12416
# Current directory: D:/PANDA/Study/VE270/Lab/Lab4/Lab4
# Command line: vivado.exe -gui_launcher_event rodinguilauncherevent13140 D:\PANDA\Study\VE270\Lab\Lab4\Lab4\Lab4.xpr
# Log file: D:/PANDA/Study/VE270/Lab/Lab4/Lab4/vivado.log
# Journal file: D:/PANDA/Study/VE270/Lab/Lab4/Lab4\vivado.jou
#-----------------------------------------------------------
start_gui
open_project D:/PANDA/Study/VE270/Lab/Lab4/Lab4/Lab4.xpr
Scanning sources...
Finished scanning sources
INFO: [IP_Flow 19-234] Refreshing IP repositories
INFO: [IP_Flow 19-1704] No user IP repositories specified
INFO: [IP_Flow 19-2313] Loaded Vivado IP repository 'C:/Xilinx/Vivado/2018.1/data/ip'.
open_project: Time (s): cpu = 00:00:15 ; elapsed = 00:00:07 . Memory (MB): peak = 879.152 ; gain = 139.563
update_compile_order -fileset sources_1
exit
INFO: [Common 17-206] Exiting Vivado at Wed Jun 27 15:24:47 2018...
