#-----------------------------------------------------------
# Vivado v2018.1 (64-bit)
# SW Build 2188600 on Wed Apr  4 18:40:38 MDT 2018
# IP Build 2185939 on Wed Apr  4 20:55:05 MDT 2018
# Start of session at: Wed Jun 20 18:15:24 2018
# Process ID: 11172
# Current directory: D:/PANDA/Study/VE270/Lab/Lab4/Lab4
# Command line: vivado.exe -gui_launcher_event rodinguilauncherevent3032 D:\PANDA\Study\VE270\Lab\Lab4\Lab4\Lab4.xpr
# Log file: D:/PANDA/Study/VE270/Lab/Lab4/Lab4/vivado.log
# Journal file: D:/PANDA/Study/VE270/Lab/Lab4/Lab4\vivado.jou
#-----------------------------------------------------------
start_gui
open_project D:/PANDA/Study/VE270/Lab/Lab4/Lab4/Lab4.xpr
Scanning sources...
Finished scanning sources
INFO: [IP_Flow 19-234] Refreshing IP repositories
INFO: [IP_Flow 19-1704] No user IP repositories specified
INFO: [IP_Flow 19-2313] Loaded Vivado IP repository 'C:/Xilinx/Vivado/2018.1/data/ip'.
open_project: Time (s): cpu = 00:00:15 ; elapsed = 00:00:08 . Memory (MB): peak = 881.984 ; gain = 118.875
exit
INFO: [Common 17-206] Exiting Vivaopen_hw
reset_run impl_1 -prev_step 
launch_runs impl_1 -to_step write_bitstream -jobs 4
[Wed Jun 20 18:16:06 2018] Launched impl_1...
Run output will be captured here: D:/PANDA/Study/VE270/Lab/Lab4/Lab4/Lab4.runs/impl_1/runme.log
connect_hw_server
INFO: [Labtools 27-2285] Connecting to hw_server url TCP:localhost:3121
INFO: [Labtools 27-2222] Launching hw_server...
INFO: [Labtools 27-2221] Launch Output:

****** Xilinx hw_server v2018.1
  **** Build date : Apr  4 2018-19:32:53
    ** Copyright 1986-2018 Xilinx, Inc. All Rights Reserved.


open_hw_target
INFO: [Labtoolstcl 44-466] Opening hw_target localhost:3121/xilinx_tcf/Digilent/210183A387B0A
current_hw_device [get_hw_devices xc7a35t_0]
refresh_hw_device -update_hw_probes false [lindex [get_hw_devices xc7a35t_0] 0]
INFO: [Labtools 27-1435] Device xc7a35t (JTAG device index = 0) is not programmed (DONE status = 0).
reset_run synth_1
WARNING: [Vivado 12-1017] Problems encountered:
1. Failed to delete one or more files in run directory D:/PANDA/Study/VE270/Lab/Lab4/Lab4/Lab4.runs/synth_1

launch_runs synth_1 -jobs 4
[Wed Jun 20 18:16:46 2018] Launched synth_1...
Run output will be captured here: D:/PANDA/Study/VE270/Lab/Lab4/Lab4/Lab4.runs/synth_1/runme.log
launch_runs impl_1 -jobs 4
[Wed Jun 20 18:18:02 2018] Launched impl_1...
Run output will be captured here: D:/PANDA/Study/VE270/Lab/Lab4/Lab4/Lab4.runs/impl_1/runme.log
launch_runs impl_1 -to_step write_bitstream -jobs 4
[Wed Jun 20 18:19:42 2018] Launched impl_1...
Run output will be captured here: D:/PANDA/Study/VE270/Lab/Lab4/Lab4/Lab4.runs/impl_1/runme.log
close_hw
reset_run synth_1
launch_runs synth_1 -jobs 4
[Wed Jun 20 18:22:16 2018] Launched synth_1...
Run output will be captured here: D:/PANDA/Study/VE270/Lab/Lab4/Lab4/Lab4.runs/synth_1/runme.log
reset_run synth_1
launch_runs synth_1 -jobs 4
[Wed Jun 20 18:36:12 2018] Launched synth_1...
Run output will be captured here: D:/PANDA/Study/VE270/Lab/Lab4/Lab4/Lab4.runs/synth_1/runme.log
launch_runs impl_1 -jobs 4
[Wed Jun 20 18:37:02 2018] Launched impl_1...
Run output will be captured here: D:/PANDA/Study/VE270/Lab/Lab4/Lab4/Lab4.runs/impl_1/runme.log
launch_runs impl_1 -to_step write_bitstream -jobs 4
[Wed Jun 20 18:38:08 2018] Launched impl_1...
Run output will be captured here: D:/PANDA/Study/VE270/Lab/Lab4/Lab4/Lab4.runs/impl_1/runme.log
open_hw
connect_hw_server
INFO: [Labtools 27-2285] Connecting to hw_server url TCP:localhost:3121
INFO: [Labtools 27-2222] Launching hw_server...
INFO: [Labtools 27-2221] Launch Output:

****** Xilinx hw_server v2018.1
  **** Build date : Apr  4 2018-19:32:53
    ** Copyright 1986-2018 Xilinx, Inc. All Rights Reserved.


open_hw_target
INFO: [Labtoolstcl 44-466] Opening hw_target localhost:3121/xilinx_tcf/Digilent/210183A387B0A
current_hw_device [get_hw_devices xc7a35t_0]
refresh_hw_device -update_hw_probes false [lindex [get_hw_devices xc7a35t_0] 0]
INFO: [Labtools 27-1435] Device xc7a35t (JTAG device index = 0) is not programmed (DONE status = 0).
reset_run impl_1 -prev_step 
launch_runs impl_1 -to_step write_bitstream -jobs 4
[Wed Jun 20 18:39:02 2018] Launched impl_1...
Run output will be captured here: D:/PANDA/Study/VE270/Lab/Lab4/Lab4/Lab4.runs/impl_1/runme.log
reset_run synth_1
WARNING: [Vivado 12-1017] Problems encountered:
1. Failed to delete one or more files in run directory D:/PANDA/Study/VE270/Lab/Lab4/Lab4/Lab4.runs/synth_1

launch_runs synth_1 -jobs 4
[Wed Jun 20 18:39:20 2018] Launched synth_1...
Run output will be captured here: D:/PANDA/Study/VE270/Lab/Lab4/Lab4/Lab4.runs/synth_1/runme.log
launch_runs impl_1 -jobs 4
[Wed Jun 20 18:40:05 2018] Launched impl_1...
Run output will be captured here: D:/PANDA/Study/VE270/Lab/Lab4/Lab4/Lab4.runs/impl_1/runme.log
launch_runs impl_1 -to_step write_bitstream -jobs 4
[Wed Jun 20 18:41:07 2018] Launched impl_1...
Run output will be captured here: D:/PANDA/Study/VE270/Lab/Lab4/Lab4/Lab4.runs/impl_1/runme.log
open_run impl_1
INFO: [Common 17-41] Interrupt caught. Command should exit soon.
INFO: [Netlist 29-17] Analyzing 3 Unisim elements for replacement
INFO: [Netlist 29-28] Unisim Transformation completed in 0 CPU seconds
INFO: [Project 1-479] Netlist was created with Vivado 2018.1
open_run: Time (s): cpu = 00:00:05 ; elapsed = 00:00:05 . Memory (MB): peak = 1612.574 ; gain = 66.742
INFO: [Common 17-344] 'open_run' was cancelled
open_run impl_1
INFO: [Netlist 29-17] Analyzing 3 Unisim elements for replacement
INFO: [Netlist 29-28] Unisim Transformation completed in 0 CPU seconds
INFO: [Project 1-479] Netlist was created with Vivado 2018.1
INFO: [Device 21-403] Loading part xc7a35tcpg236-1
INFO: [Common 17-41] Interrupt caught. Command should exit soon.
INFO: [Common 17-344] 'open_run' was cancelled
open_run impl_1
INFO: [Netlist 29-17] Analyzing 3 Unisim elements for replacement
INFO: [Netlist 29-28] Unisim Transformation completed in 0 CPU seconds
INFO: [Project 1-479] Netlist was created with Vivado 2018.1
INFO: [Project 1-570] Preparing netlist for logic optimization
INFO: [Timing 38-478] Restoring timing data from binary archive.
INFO: [Timing 38-479] Binary timing data restore complete.
INFO: [Project 1-856] Restoring constraints from binary archive.
INFO: [Project 1-853] Binary constraint restore complete.
Reading XDEF placement.
Reading placer database...
Reading XDEF routing.
Read XDEF File: Time (s): cpu = 00:00:00 ; elapsed = 00:00:00.035 . Memory (MB): peak = 2364.598 ; gain = 0.000
Restored from archive | CPU: 0.000000 secs | Memory: 0.000000 MB |
Finished XDEF File Restore: Time (s): cpu = 00:00:00 ; elapsed = 00:00:00.035 . Memory (MB): peak = 2364.598 ; gain = 0.000
INFO: [Project 1-111] Unisim Transformation Summary:
No Unisim elements were transformed.

open_run: Time (s): cpu = 00:00:20 ; elapsed = 00:00:16 . Memory (MB): peak = 2426.832 ; gain = 685.645
WARNING: [Timing 38-313] There are no user specified timing constraints. Timing constraints are needed for proper timing analysis.
close_design
reset_run synth_1
launch_runs synth_1 -jobs 4
[Wed Jun 20 18:46:29 2018] Launched synth_1...
Run output will be captured here: D:/PANDA/Study/VE270/Lab/Lab4/Lab4/Lab4.runs/synth_1/runme.log
launch_runs impl_1 -jobs 4
[Wed Jun 20 18:47:15 2018] Launched impl_1...
Run output will be captured here: D:/PANDA/Study/VE270/Lab/Lab4/Lab4/Lab4.runs/impl_1/runme.log
launch_runs impl_1 -to_step write_bitstream -jobs 4
[Wed Jun 20 18:48:24 2018] Launched impl_1...
Run output will be captured here: D:/PANDA/Study/VE270/Lab/Lab4/Lab4/Lab4.runs/impl_1/runme.log
set_property PROBES.FILE {} [get_hw_devices xc7a35t_0]
set_property FULL_PROBES.FILE {} [get_hw_devices xc7a35t_0]
set_property PROGRAM.FILE {D:/PANDA/Study/VE270/Lab/Lab4/Lab4/Lab4.runs/impl_1/lab4.bit} [get_hw_devices xc7a35t_0]
program_hw_devices [get_hw_devices xc7a35t_0]
INFO: [Labtools 27-3164] End of startup status: HIGH
refresh_hw_device [lindex [get_hw_devices xc7a35t_0] 0]
INFO: [Labtools 27-1434] Device xc7a35t (JTAG device index = 0) is programmed with a design that has no supported debug core(s) in it.
WARNING: [Labtools 27-3361] The debug hub core was not detected.
Resolution: 
1. Make sure the clock connected to the debug hub (dbg_hub) core is a free running clock and is active.
2. Make sure the BSCAN_SWITCH_USER_MASK device property in Vivado Hardware Manager reflects the user scan chain setting in the design and refresh the device.  To determine the user scan chain setting in the design, open the implemented design and use 'get_property C_USER_SCAN_CHAIN [get_debug_cores dbg_hub]'.
For more details on setting the scan chain property, consult the Vivado Debug and Programming User Guide (UG908).
