#-----------------------------------------------------------
# Vivado v2018.1 (64-bit)
# SW Build 2188600 on Wed Apr  4 18:40:38 MDT 2018
# IP Build 2185939 on Wed Apr  4 20:55:05 MDT 2018
# Start of session at: Sun Nov 18 14:41:52 2018
# Process ID: 14604
# Current directory: D:/PANDA/Study/VE270/Lab/Lab7/Lab7
# Command line: vivado.exe -gui_launcher_event rodinguilauncherevent9024 D:\PANDA\Study\VE270\Lab\Lab7\Lab7\Lab7.xpr
# Log file: D:/PANDA/Study/VE270/Lab/Lab7/Lab7/vivado.log
# Journal file: D:/PANDA/Study/VE270/Lab/Lab7/Lab7\vivado.jou
#-----------------------------------------------------------
start_gui
open_project D:/PANDA/Study/VE270/Lab/Lab7/Lab7/Lab7.xpr
Scanning sources...
Finished scanning sources
INFO: [IP_Flow 19-234] Refreshing IP repositories
INFO: [IP_Flow 19-1704] No user IP repositories specified
INFO: [IP_Flow 19-2313] Loaded Vivado IP repository 'C:/Xilinx/Vivado/2018.1/data/ip'.
open_project: Time (s): cpu = 00:00:13 ; elapsed = 00:00:06 . Memory (MB): peak = 916.063 ; gain = 149.328
update_compile_order -fileset sources_1
open_hw
connect_hw_server
INFO: [Labtools 27-2285] Connecting to hw_server url TCP:localhost:3121
INFO: [Labtools 27-2222] Launching hw_server...
INFO: [Labtools 27-2221] Launch Output:

****** Xilinx hw_server v2018.1
  **** Build date : Apr  4 2018-19:32:53
    ** Copyright 1986-2018 Xilinx, Inc. All Rights Reserved.


disconnect_hw_server localhost:3121
connect_hw_server
INFO: [Labtools 27-2285] Connecting to hw_server url TCP:localhost:3121
disconnect_hw_server localhost:3121
connect_hw_server
INFO: [Labtools 27-2285] Connecting to hw_server url TCP:localhost:3121
reset_run synth_1
launch_runs synth_1 -jobs 4
[Sun Nov 18 14:42:40 2018] Launched synth_1...
Run output will be captured here: D:/PANDA/Study/VE270/Lab/Lab7/Lab7/Lab7.runs/synth_1/runme.log
launch_runs impl_1 -jobs 4
[Sun Nov 18 14:43:32 2018] Launched impl_1...
Run output will be captured here: D:/PANDA/Study/VE270/Lab/Lab7/Lab7/Lab7.runs/impl_1/runme.log
launch_runs impl_1 -to_step write_bitstream -jobs 4
[Sun Nov 18 14:44:52 2018] Launched impl_1...
Run output will be captured here: D:/PANDA/Study/VE270/Lab/Lab7/Lab7/Lab7.runs/impl_1/runme.log
disconnect_hw_server localhost:3121
connect_hw_server
INFO: [Labtools 27-2285] Connecting to hw_server url TCP:localhost:3121
disconnect_hw_server localhost:3121
connect_hw_server
INFO: [Labtools 27-2285] Connecting to hw_server url TCP:localhost:3121
disconnect_hw_server localhost:3121
connect_hw_server
INFO: [Labtools 27-2285] Connecting to hw_server url TCP:localhost:3121
exit
INFO: [Common 17-206] Exiting Vivado at Sun Nov 18 14:48:03 2018...
