#-----------------------------------------------------------
# Vivado v2018.1 (64-bit)
# SW Build 2188600 on Wed Apr  4 18:40:38 MDT 2018
# IP Build 2185939 on Wed Apr  4 20:55:05 MDT 2018
# Start of session at: Sun Nov 18 14:49:32 2018
# Process ID: 20084
# Current directory: D:/PANDA/Study/VE270/Lab/Lab7/Lab7
# Command line: vivado.exe -gui_launcher_event rodinguilauncherevent20272 D:\PANDA\Study\VE270\Lab\Lab7\Lab7\Lab7.xpr
# Log file: D:/PANDA/Study/VE270/Lab/Lab7/Lab7/vivado.log
# Journal file: D:/PANDA/Study/VE270/Lab/Lab7/Lab7\vivado.jou
#-----------------------------------------------------------
start_gui
open_project D:/PANDA/Study/VE270/Lab/Lab7/Lab7/Lab7.xpr
Scanning sources...
Finished scanning sources
INFO: [IP_Flow 19-234] Refreshing IP repositories
INFO: [IP_Flow 19-1704] No user IP repositories specified
INFO: [IP_Flow 19-2313] Loaded Vivado IP repository 'C:/Xilinx/Vivado/2018.1/data/ip'.
open_project: Time (s): cpu = 00:00:14 ; elapsed = 00:00:08 . Memory (MB): peak = 893.219 ; gain = 136.910
update_compile_order -fileset sources_1
open_hw
connect_hw_server
INFO: [Labtools 27-2285] Connecting to hw_server url TCP:localhost:3121
INFO: [Labtools 27-2222] Launching hw_server...
INFO: [Labtools 27-2221] Launch Output:

****** Xilinx hw_server v2018.1
  **** Build date : Apr  4 2018-19:32:53
    ** Copyright 1986-2018 Xilinx, Inc. All Rights Reserved.


exit
INFO: [Common 17-206] Exiting Vivado at Sun Nov 18 14:50:45 2018...
