#-----------------------------------------------------------
# Vivado v2018.1 (64-bit)
# SW Build 2188600 on Wed Apr  4 18:40:38 MDT 2018
# IP Build 2185939 on Wed Apr  4 20:55:05 MDT 2018
# Start of session at: Sat Aug  1 19:01:17 2020
# Process ID: 15764
# Current directory: D:/PANDA/Study/VE370/Project/Project2/pipeline
# Command line: vivado.exe -gui_launcher_event rodinguilauncherevent29672 D:\PANDA\Study\VE370\Project\Project2\pipeline\pipeline.xpr
# Log file: D:/PANDA/Study/VE370/Project/Project2/pipeline/vivado.log
# Journal file: D:/PANDA/Study/VE370/Project/Project2/pipeline\vivado.jou
#-----------------------------------------------------------
start_gui
open_project D:/PANDA/Study/VE370/Project/Project2/pipeline/pipeline.xpr
Scanning sources...
Finished scanning sources
INFO: [IP_Flow 19-234] Refreshing IP repositories
INFO: [IP_Flow 19-1704] No user IP repositories specified
INFO: [IP_Flow 19-2313] Loaded Vivado IP repository 'C:/Xilinx/Vivado/2018.1/data/ip'.
open_project: Time (s): cpu = 00:00:16 ; elapsed = 00:00:13 . Memory (MB): peak = 757.207 ; gain = 64.691
exit
INFO: [Common 17-206] Exiting Vivado at Sat Aug  1 19:02:15 2020...

INFO: [IP_Flow 19-2340] The IP catalog has been returned to its previous state.
INFO: [Common 17-344] 'open_project' was cancelled
exit
INFO: [Common 17-206] Exiting Vivado at Sat Aug  1 19:07:07 2020...
