#-----------------------------------------------------------
# Vivado v2018.1 (64-bit)
# SW Build 2188600 on Wed Apr  4 18:40:38 MDT 2018
# IP Build 2185939 on Wed Apr  4 20:55:05 MDT 2018
# Start of session at: Sun Jun 24 23:02:17 2018
# Process ID: 2240
# Current directory: D:/PANDA/Study/VE270/Lab/Lab4/Lab4
# Command line: vivado.exe -gui_launcher_event rodinguilauncherevent5116 D:\PANDA\Study\VE270\Lab\Lab4\Lab4\Lab4.xpr
# Log file: D:/PANDA/Study/VE270/Lab/Lab4/Lab4/vivado.log
# Journal file: D:/PANDA/Study/VE270/Lab/Lab4/Lab4\vivado.jou
#-----------------------------------------------------------
start_gui
open_project D:/PANDA/Study/VE270/Lab/Lab4/Lab4/Lab4.xpr
Scanning sources...
Finished scanning sources
INFO: [IP_Flow 19-234] Refreshing IP repositories
INFO: [IP_Flow 19-1704] No user IP repositories specified
INFO: [IP_Flow 19-2313] Loaded Vivado IP repository 'C:/Xilinx/Vivado/2018.1/data/ip'.
open_project: Time (s): cpu = 00:00:15 ; elapsed = 00:00:08 . Memory (MB): peak = 861.172 ; gain = 141.883
update_compile_order -fileset sources_1
exit
INFO: [Common 17-206] Exiting Vivado at Sun Jun 24 23:37:36 2018...
