#-----------------------------------------------------------
# Vivado v2018.1 (64-bit)
# SW Build 2188600 on Wed Apr  4 18:40:38 MDT 2018
# IP Build 2185939 on Wed Apr  4 20:55:05 MDT 2018
# Start of session at: Tue Nov 20 17:06:24 2018
# Process ID: 18296
# Current directory: D:/PANDA/Study/VE370/Project/Project2/FPGA/P2 single cycle
# Command line: vivado.exe -gui_launcher_event rodinguilauncherevent9372 D:\PANDA\Study\VE370\Project\Project2\FPGA\P2 single cycle\P2 single cycle.xpr
# Log file: D:/PANDA/Study/VE370/Project/Project2/FPGA/P2 single cycle/vivado.log
# Journal file: D:/PANDA/Study/VE370/Project/Project2/FPGA/P2 single cycle\vivado.jou
#-----------------------------------------------------------
start_gui
open_project {D:/PANDA/Study/VE370/Project/Project2/FPGA/P2 single cycle/P2 single cycle.xpr}
Scanning sources...
Finished scanning sources
INFO: [IP_Flow 19-234] Refreshing IP repositories
INFO: [IP_Flow 19-1704] No user IP repositories specified
INFO: [IP_Flow 19-2313] Loaded Vivado IP repository 'C:/Xilinx/Vivado/2018.1/data/ip'.
open_project: Time (s): cpu = 00:00:11 ; elapsed = 00:00:07 . Memory (MB): peak = 904.066 ; gain = 153.012
update_compile_order -fileset sources_1
exit
INFO: [Common 17-206] Exiting Vivado at Tue Nov 20 17:08:13 2018...
