#-----------------------------------------------------------
# Vivado v2018.1 (64-bit)
# SW Build 2188600 on Wed Apr  4 18:40:38 MDT 2018
# IP Build 2185939 on Wed Apr  4 20:55:05 MDT 2018
# Start of session at: Mon Nov 19 22:16:45 2018
# Process ID: 1944
# Current directory: D:/PANDA/Study/VE370/Project/Project2/FPGA/P2 single cycle
# Command line: vivado.exe -gui_launcher_event rodinguilauncherevent12896 D:\PANDA\Study\VE370\Project\Project2\FPGA\P2 single cycle\P2 single cycle.xpr
# Log file: D:/PANDA/Study/VE370/Project/Project2/FPGA/P2 single cycle/vivado.log
# Journal file: D:/PANDA/Study/VE370/Project/Project2/FPGA/P2 single cycle\vivado.jou
#-----------------------------------------------------------
start_gui
open_project {D:/PANDA/Study/VE370/Project/Project2/FPGA/P2 single cycle/P2 single cycle.xpr}
Scanning sources...
Finished scanning sources
INFO: [IP_Flow 19-234] Refreshing IP repositories
INFO: [IP_Flow 19-1704] No user IP repositories specified
INFO: [IP_Flow 19-2313] Loaded Vivado IP repository 'C:/Xilinx/Vivado/2018.1/data/ip'.
open_project: Time (s): cpu = 00:00:11 ; elapsed = 00:00:06 . Memory (MB): peak = 892.156 ; gain = 141.480
update_compile_order -fileset sources_1
exit
INFO: [Common 17-206] Exiting Vivado at Mon Nov 19 22:17:50 2018...
